<?xml version="1.0" encoding="UTF-8"?>
<!-- Generated by org.testng.reporters.JUnitXMLReporter -->
<testsuite ignored="0" hostname="DESKTOP-SB9293Q" failures="0" tests="4" name="Default test" time="68.509" errors="0" timestamp="21 Mar 2022 08:27:59 GMT">
  <testcase classname="com.qa.test.VacancyTest" name="createVacancyTest" time="1.529"/>
  <testcase classname="com.qa.test.VacancyTest" name="createVacancyTest" time="1.514"/>
  <testcase classname="com.qa.test.VacancyTest" name="createVacancyTest" time="1.562"/>
  <testcase classname="com.qa.test.VacancyTest" name="createVacancyTest" time="1.522"/>
</testsuite> <!-- Default test -->
