<?xml version="1.0" encoding="UTF-8"?>
<!-- Generated by org.testng.reporters.JUnitXMLReporter -->
<testsuite ignored="0" hostname="DESKTOP-SB9293Q" failures="0" tests="12" name="Test" time="197.288" errors="0" timestamp="2022-03-21T14:16:41 IST">
  <testcase classname="com.qa.test.CandidatesTest" name="createCandidatesTest" time="1.832"/>
  <testcase classname="com.qa.test.CandidatesTest" name="createCandidatesTest" time="3.812"/>
  <testcase classname="com.qa.test.CandidatesTest" name="createCandidatesTest" time="3.267"/>
  <testcase classname="com.qa.test.CandidatesTest" name="createCandidatesTest" time="3.222"/>
  <testcase classname="com.qa.test.CandidatesTest" name="createCandidatesTest" time="3.03"/>
  <testcase classname="com.qa.test.LoginTest" name="loginPageTitleTest" time="0.037"/>
  <testcase classname="com.qa.test.LoginTest" name="forgotPwdLinkTest" time="0.2"/>
  <testcase classname="com.qa.test.LoginTest" name="loginTest" time="5.187"/>
  <testcase classname="com.qa.test.DashBoardTest" name="verifyDashboardTitleTest" time="0.025"/>
  <testcase classname="com.qa.test.DashBoardTest" name="verifyLogoTest" time="0.085"/>
  <testcase classname="com.qa.test.EmployeeTest" name="createEmployeeTest" time="3.589"/>
  <testcase classname="com.qa.test.EmployeeTest" name="createEmployeeTest" time="3.354"/>
</testsuite> <!-- Test -->
