<?xml version="1.0" encoding="UTF-8"?>
<testng-results ignored="0" total="12" passed="12" failed="0" skipped="0">
  <reporter-output>
  </reporter-output>
  <suite started-at="2022-03-21T14:13:24 IST" name="Suite" finished-at="2022-03-21T14:16:41 IST" duration-ms="197288">
    <groups>
    </groups>
    <test started-at="2022-03-21T14:13:24 IST" name="Test" finished-at="2022-03-21T14:16:41 IST" duration-ms="197288">
      <class name="com.qa.test.CandidatesTest">
        <test-method is-config="true" signature="setUp()[pri:0, instance:com.qa.test.CandidatesTest@565f390]" started-at="2022-03-21T14:13:40 IST" name="setUp" finished-at="2022-03-21T14:14:00 IST" duration-ms="20735" status="PASS">
          <reporter-output>
          </reporter-output>
        </test-method> <!-- setUp -->
        <test-method signature="createCandidatesTest(java.lang.String,java.lang.String,java.lang.String,java.lang.String,java.lang.String)[pri:0, instance:com.qa.test.CandidatesTest@565f390]" started-at="2022-03-21T14:14:00 IST" name="createCandidatesTest" data-provider="getCandidatesData" finished-at="2022-03-21T14:14:02 IST" duration-ms="1832" status="PASS">
          <params>
            <param index="0">
              <value>
                <![CDATA[trump ]]>
              </value>
            </param>
            <param index="1">
              <value>
                <![CDATA[kr]]>
              </value>
            </param>
            <param index="2">
              <value>
                <![CDATA[pandey]]>
              </value>
            </param>
            <param index="3">
              <value>
                <![CDATA[trmp@gn=mail.com]]>
              </value>
            </param>
            <param index="4">
              <value>
                <![CDATA[9865412528]]>
              </value>
            </param>
          </params>
          <reporter-output>
          </reporter-output>
        </test-method> <!-- createCandidatesTest -->
        <test-method is-config="true" signature="tearDown()[pri:0, instance:com.qa.test.CandidatesTest@565f390]" started-at="2022-03-21T14:14:02 IST" name="tearDown" finished-at="2022-03-21T14:14:02 IST" duration-ms="141" status="PASS">
          <reporter-output>
          </reporter-output>
        </test-method> <!-- tearDown -->
        <test-method is-config="true" signature="setUp()[pri:0, instance:com.qa.test.CandidatesTest@565f390]" started-at="2022-03-21T14:14:02 IST" name="setUp" finished-at="2022-03-21T14:14:21 IST" duration-ms="18976" status="PASS">
          <reporter-output>
          </reporter-output>
        </test-method> <!-- setUp -->
        <test-method signature="createCandidatesTest(java.lang.String,java.lang.String,java.lang.String,java.lang.String,java.lang.String)[pri:0, instance:com.qa.test.CandidatesTest@565f390]" started-at="2022-03-21T14:14:21 IST" name="createCandidatesTest" data-provider="getCandidatesData" finished-at="2022-03-21T14:14:25 IST" duration-ms="3812" status="PASS">
          <params>
            <param index="0">
              <value>
                <![CDATA[bidenn]]>
              </value>
            </param>
            <param index="1">
              <value>
                <![CDATA[mh]]>
              </value>
            </param>
            <param index="2">
              <value>
                <![CDATA[pjgar]]>
              </value>
            </param>
            <param index="3">
              <value>
                <![CDATA[bidem@yahoo.com]]>
              </value>
            </param>
            <param index="4">
              <value>
                <![CDATA[3215478963]]>
              </value>
            </param>
          </params>
          <reporter-output>
          </reporter-output>
        </test-method> <!-- createCandidatesTest -->
        <test-method is-config="true" signature="tearDown()[pri:0, instance:com.qa.test.CandidatesTest@565f390]" started-at="2022-03-21T14:14:25 IST" name="tearDown" finished-at="2022-03-21T14:14:25 IST" duration-ms="339" status="PASS">
          <reporter-output>
          </reporter-output>
        </test-method> <!-- tearDown -->
        <test-method is-config="true" signature="setUp()[pri:0, instance:com.qa.test.CandidatesTest@565f390]" started-at="2022-03-21T14:14:25 IST" name="setUp" finished-at="2022-03-21T14:14:43 IST" duration-ms="17852" status="PASS">
          <reporter-output>
          </reporter-output>
        </test-method> <!-- setUp -->
        <test-method signature="createCandidatesTest(java.lang.String,java.lang.String,java.lang.String,java.lang.String,java.lang.String)[pri:0, instance:com.qa.test.CandidatesTest@565f390]" started-at="2022-03-21T14:14:43 IST" name="createCandidatesTest" data-provider="getCandidatesData" finished-at="2022-03-21T14:14:47 IST" duration-ms="3267" status="PASS">
          <params>
            <param index="0">
              <value>
                <![CDATA[pichai]]>
              </value>
            </param>
            <param index="1">
              <value>
                <![CDATA[na]]>
              </value>
            </param>
            <param index="2">
              <value>
                <![CDATA[sunder]]>
              </value>
            </param>
            <param index="3">
              <value>
                <![CDATA[sunder@pichai]]>
              </value>
            </param>
            <param index="4">
              <value>
                <![CDATA[9654187956]]>
              </value>
            </param>
          </params>
          <reporter-output>
          </reporter-output>
        </test-method> <!-- createCandidatesTest -->
        <test-method is-config="true" signature="tearDown()[pri:0, instance:com.qa.test.CandidatesTest@565f390]" started-at="2022-03-21T14:14:47 IST" name="tearDown" finished-at="2022-03-21T14:14:47 IST" duration-ms="113" status="PASS">
          <reporter-output>
          </reporter-output>
        </test-method> <!-- tearDown -->
        <test-method is-config="true" signature="setUp()[pri:0, instance:com.qa.test.CandidatesTest@565f390]" started-at="2022-03-21T14:14:47 IST" name="setUp" finished-at="2022-03-21T14:15:04 IST" duration-ms="17755" status="PASS">
          <reporter-output>
          </reporter-output>
        </test-method> <!-- setUp -->
        <test-method signature="createCandidatesTest(java.lang.String,java.lang.String,java.lang.String,java.lang.String,java.lang.String)[pri:0, instance:com.qa.test.CandidatesTest@565f390]" started-at="2022-03-21T14:15:04 IST" name="createCandidatesTest" data-provider="getCandidatesData" finished-at="2022-03-21T14:15:08 IST" duration-ms="3222" status="PASS">
          <params>
            <param index="0">
              <value>
                <![CDATA[gogo]]>
              </value>
            </param>
            <param index="1">
              <value>
                <![CDATA[crime]]>
              </value>
            </param>
            <param index="2">
              <value>
                <![CDATA[master]]>
              </value>
            </param>
            <param index="3">
              <value>
                <![CDATA[gogo@gmail.com]]>
              </value>
            </param>
            <param index="4">
              <value>
                <![CDATA[2589631478]]>
              </value>
            </param>
          </params>
          <reporter-output>
          </reporter-output>
        </test-method> <!-- createCandidatesTest -->
        <test-method is-config="true" signature="tearDown()[pri:0, instance:com.qa.test.CandidatesTest@565f390]" started-at="2022-03-21T14:15:08 IST" name="tearDown" finished-at="2022-03-21T14:15:08 IST" duration-ms="128" status="PASS">
          <reporter-output>
          </reporter-output>
        </test-method> <!-- tearDown -->
        <test-method is-config="true" signature="setUp()[pri:0, instance:com.qa.test.CandidatesTest@565f390]" started-at="2022-03-21T14:15:08 IST" name="setUp" finished-at="2022-03-21T14:15:27 IST" duration-ms="18886" status="PASS">
          <reporter-output>
          </reporter-output>
        </test-method> <!-- setUp -->
        <test-method signature="createCandidatesTest(java.lang.String,java.lang.String,java.lang.String,java.lang.String,java.lang.String)[pri:0, instance:com.qa.test.CandidatesTest@565f390]" started-at="2022-03-21T14:15:27 IST" name="createCandidatesTest" data-provider="getCandidatesData" finished-at="2022-03-21T14:15:30 IST" duration-ms="3030" status="PASS">
          <params>
            <param index="0">
              <value>
                <![CDATA[teja]]>
              </value>
            </param>
            <param index="1">
              <value>
                <![CDATA[real]]>
              </value>
            </param>
            <param index="2">
              <value>
                <![CDATA[fake]]>
              </value>
            </param>
            <param index="3">
              <value>
                <![CDATA[teja@tejas.com]]>
              </value>
            </param>
            <param index="4">
              <value>
                <![CDATA[2030104050]]>
              </value>
            </param>
          </params>
          <reporter-output>
          </reporter-output>
        </test-method> <!-- createCandidatesTest -->
        <test-method is-config="true" signature="tearDown()[pri:0, instance:com.qa.test.CandidatesTest@565f390]" started-at="2022-03-21T14:15:30 IST" name="tearDown" finished-at="2022-03-21T14:15:30 IST" duration-ms="131" status="PASS">
          <reporter-output>
          </reporter-output>
        </test-method> <!-- tearDown -->
      </class> <!-- com.qa.test.CandidatesTest -->
      <class name="com.qa.test.LoginTest">
        <test-method is-config="true" signature="setUp()[pri:0, instance:com.qa.test.LoginTest@2c78324b]" started-at="2022-03-21T14:15:30 IST" name="setUp" finished-at="2022-03-21T14:15:38 IST" duration-ms="7801" status="PASS">
          <reporter-output>
          </reporter-output>
        </test-method> <!-- setUp -->
        <test-method signature="loginPageTitleTest()[pri:1, instance:com.qa.test.LoginTest@2c78324b]" started-at="2022-03-21T14:15:38 IST" name="loginPageTitleTest" finished-at="2022-03-21T14:15:38 IST" duration-ms="37" status="PASS">
          <reporter-output>
          </reporter-output>
        </test-method> <!-- loginPageTitleTest -->
        <test-method is-config="true" signature="tearDown()[pri:0, instance:com.qa.test.LoginTest@2c78324b]" started-at="2022-03-21T14:15:38 IST" name="tearDown" finished-at="2022-03-21T14:15:38 IST" duration-ms="198" status="PASS">
          <reporter-output>
          </reporter-output>
        </test-method> <!-- tearDown -->
        <test-method is-config="true" signature="setUp()[pri:0, instance:com.qa.test.LoginTest@2c78324b]" started-at="2022-03-21T14:15:38 IST" name="setUp" finished-at="2022-03-21T14:15:47 IST" duration-ms="9103" status="PASS">
          <reporter-output>
          </reporter-output>
        </test-method> <!-- setUp -->
        <test-method signature="forgotPwdLinkTest()[pri:2, instance:com.qa.test.LoginTest@2c78324b]" started-at="2022-03-21T14:15:47 IST" name="forgotPwdLinkTest" finished-at="2022-03-21T14:15:47 IST" duration-ms="200" status="PASS">
          <reporter-output>
          </reporter-output>
        </test-method> <!-- forgotPwdLinkTest -->
        <test-method is-config="true" signature="tearDown()[pri:0, instance:com.qa.test.LoginTest@2c78324b]" started-at="2022-03-21T14:15:47 IST" name="tearDown" finished-at="2022-03-21T14:15:47 IST" duration-ms="122" status="PASS">
          <reporter-output>
          </reporter-output>
        </test-method> <!-- tearDown -->
        <test-method is-config="true" signature="setUp()[pri:0, instance:com.qa.test.LoginTest@2c78324b]" started-at="2022-03-21T14:15:47 IST" name="setUp" finished-at="2022-03-21T14:15:56 IST" duration-ms="8736" status="PASS">
          <reporter-output>
          </reporter-output>
        </test-method> <!-- setUp -->
        <test-method signature="loginTest()[pri:3, instance:com.qa.test.LoginTest@2c78324b]" started-at="2022-03-21T14:15:56 IST" name="loginTest" finished-at="2022-03-21T14:16:01 IST" duration-ms="5187" status="PASS">
          <reporter-output>
          </reporter-output>
        </test-method> <!-- loginTest -->
        <test-method is-config="true" signature="tearDown()[pri:0, instance:com.qa.test.LoginTest@2c78324b]" started-at="2022-03-21T14:16:01 IST" name="tearDown" finished-at="2022-03-21T14:16:01 IST" duration-ms="124" status="PASS">
          <reporter-output>
          </reporter-output>
        </test-method> <!-- tearDown -->
      </class> <!-- com.qa.test.LoginTest -->
      <class name="com.qa.test.DashBoardTest">
        <test-method is-config="true" signature="setUp()[pri:0, instance:com.qa.test.DashBoardTest@79defdc]" started-at="2022-03-21T14:13:24 IST" name="setUp" finished-at="2022-03-21T14:13:39 IST" duration-ms="15000" status="PASS">
          <reporter-output>
          </reporter-output>
        </test-method> <!-- setUp -->
        <test-method signature="verifyDashboardTitleTest()[pri:1, instance:com.qa.test.DashBoardTest@79defdc]" started-at="2022-03-21T14:16:01 IST" name="verifyDashboardTitleTest" finished-at="2022-03-21T14:16:01 IST" duration-ms="25" status="PASS">
          <reporter-output>
          </reporter-output>
        </test-method> <!-- verifyDashboardTitleTest -->
        <test-method signature="verifyLogoTest()[pri:2, instance:com.qa.test.DashBoardTest@79defdc]" started-at="2022-03-21T14:16:01 IST" name="verifyLogoTest" finished-at="2022-03-21T14:16:02 IST" duration-ms="85" status="PASS">
          <reporter-output>
          </reporter-output>
        </test-method> <!-- verifyLogoTest -->
        <test-method is-config="true" signature="tearDown()[pri:0, instance:com.qa.test.DashBoardTest@79defdc]" started-at="2022-03-21T14:16:40 IST" name="tearDown" finished-at="2022-03-21T14:16:41 IST" duration-ms="715" status="PASS">
          <reporter-output>
          </reporter-output>
        </test-method> <!-- tearDown -->
      </class> <!-- com.qa.test.DashBoardTest -->
      <class name="com.qa.test.EmployeeTest">
        <test-method is-config="true" signature="setUp()[pri:0, instance:com.qa.test.EmployeeTest@18317edc]" started-at="2022-03-21T14:16:02 IST" name="setUp" finished-at="2022-03-21T14:16:18 IST" duration-ms="16362" status="PASS">
          <reporter-output>
          </reporter-output>
        </test-method> <!-- setUp -->
        <test-method signature="createEmployeeTest(java.lang.String,java.lang.String,java.lang.String)[pri:0, instance:com.qa.test.EmployeeTest@18317edc]" started-at="2022-03-21T14:16:18 IST" name="createEmployeeTest" data-provider="getEmployeedata" finished-at="2022-03-21T14:16:22 IST" duration-ms="3589" status="PASS">
          <params>
            <param index="0">
              <value>
                <![CDATA[suraj]]>
              </value>
            </param>
            <param index="1">
              <value>
                <![CDATA[kumar]]>
              </value>
            </param>
            <param index="2">
              <value>
                <![CDATA[prakash]]>
              </value>
            </param>
          </params>
          <reporter-output>
          </reporter-output>
        </test-method> <!-- createEmployeeTest -->
        <test-method is-config="true" signature="tearDown()[pri:0, instance:com.qa.test.EmployeeTest@18317edc]" started-at="2022-03-21T14:16:22 IST" name="tearDown" finished-at="2022-03-21T14:16:22 IST" duration-ms="152" status="PASS">
          <reporter-output>
          </reporter-output>
        </test-method> <!-- tearDown -->
        <test-method is-config="true" signature="setUp()[pri:0, instance:com.qa.test.EmployeeTest@18317edc]" started-at="2022-03-21T14:16:22 IST" name="setUp" finished-at="2022-03-21T14:16:37 IST" duration-ms="14962" status="PASS">
          <reporter-output>
          </reporter-output>
        </test-method> <!-- setUp -->
        <test-method signature="createEmployeeTest(java.lang.String,java.lang.String,java.lang.String)[pri:0, instance:com.qa.test.EmployeeTest@18317edc]" started-at="2022-03-21T14:16:37 IST" name="createEmployeeTest" data-provider="getEmployeedata" finished-at="2022-03-21T14:16:40 IST" duration-ms="3354" status="PASS">
          <params>
            <param index="0">
              <value>
                <![CDATA[shardul]]>
              </value>
            </param>
            <param index="1">
              <value>
                <![CDATA[kumar]]>
              </value>
            </param>
            <param index="2">
              <value>
                <![CDATA[vikram]]>
              </value>
            </param>
          </params>
          <reporter-output>
          </reporter-output>
        </test-method> <!-- createEmployeeTest -->
        <test-method is-config="true" signature="tearDown()[pri:0, instance:com.qa.test.EmployeeTest@18317edc]" started-at="2022-03-21T14:16:40 IST" name="tearDown" finished-at="2022-03-21T14:16:40 IST" duration-ms="135" status="PASS">
          <reporter-output>
          </reporter-output>
        </test-method> <!-- tearDown -->
      </class> <!-- com.qa.test.EmployeeTest -->
    </test> <!-- Test -->
  </suite> <!-- Suite -->
</testng-results>
